<?xml version='1.0' encoding='UTF-8'?>
<testsuite hostname="DESKTOP-4Q6H6NH" name="ScalaTestStyle" tests="4" errors="0" failures="0" skipped="0" time="0.017">
                     <properties>
[...]
</properties>
                     <testcase classname="ScalaTestStyle" name="Multiplying 2 * 2 should be 4" time="0.013">
                                                 
                                               </testcase><testcase classname="ScalaTestStyle" name="divide 30/5 should be 6" time="0.0">
                                                 
                                               </testcase><testcase classname="ScalaTestStyle" name="divide 30/5 should throw ArithmiticException if attemeped to divide by 0" time="0.004">
                                                 
                                               </testcase><testcase classname="ScalaTestStyle" name="An empty Set should have size 0" time="0.0">
                                                 
                                               </testcase>
                     <system-out><![CDATA[]]></system-out>
                     <system-err><![CDATA[]]></system-err>
                   </testsuite>